Library DRC check
Library sx013
Library sx100
Library sx100c
Library sx100x
Library sx200
Library vx013
Library vx013x
Library vx100
Library vx100c
Library vx100x
Library vx200
Library ssx013
Library ssx013x
Library ssx100
Library ssx100x
Library ssx200
Library ssx200c
Library ssx200x
Library stx013
Library stx013x
Library stx100
Library stx100x
Library stx200
Library stx200c
Library stx200x
Library vsx013
Library vsx013x
Library vsx100
Library vsx100x
Library vsx200
Library vsx200c
Library vsx200x
Library vtx013
Library vtx013x
Library vtx100
Library vtx100x
Library vtx200
Library vtx200c
Library vtx200x
Library vsc013
Library vsc013x
Library vsc200
Library vsc200c
Library vsc200x
Library vtc013
Library vtc013x
Library vtc200
Library vtc200c
Library vtc200x
Library wsc013
Library wsc013x
Library wsc200
Library wsc200c
Library wsc200x
Library wtc013
Library wtc013x
Library wtc200
Library wtc200c
Library wtc200x
Library rga013
Library rga013x
Library rga200
Library rga200c
Library rga200x
Library vga013
Library vga013x
Library vga200
Library vga200c
Library vga200x
