#
#
# Write rgalib013 CIF from Alliance
# Write spice deck using rga013 values
# Write rgalib200 CIF from Alliance for Magic

# Read rgalib200 CIF into Magic
# Write rgalib200 CIF and GDS files from Magic
# Write rgalib013 CIF and GDS files from Magic
# Extract 0.13um SPI file from Magic
# Convert Magic SPICE output to SPI subckt
#
#
# Write rgalib013 CIF from Alliance
# Write spice deck using rga013 values
# Write rgalib200 CIF from Alliance for Magic

# Read rgalib200 CIF into Magic
# Write rgalib200 CIF and GDS files from Magic
# Write rgalib013 CIF and GDS files from Magic
# Extract 0.13um SPI file from Magic
# Convert Magic SPICE output to SPI subckt
#
#
# Write rgalib013 CIF from Alliance
# Write spice deck using rga013 values
# Write rgalib200 CIF from Alliance for Magic

# Read rgalib200 CIF into Magic
# Write rgalib200 CIF and GDS files from Magic
# Write rgalib013 CIF and GDS files from Magic
# Extract 0.13um SPI file from Magic
# Convert Magic SPICE output to SPI subckt
#
#
# Write rgalib013 CIF from Alliance
# Write spice deck using rga013 values
# Write rgalib200 CIF from Alliance for Magic

# Read rgalib200 CIF into Magic
# Write rgalib200 CIF and GDS files from Magic
# Write rgalib013 CIF and GDS files from Magic
# Extract 0.13um SPI file from Magic
# Convert Magic SPICE output to SPI subckt
#
#
# Write rgalib013 CIF from Alliance
# Write spice deck using rga013 values
# Write rgalib200 CIF from Alliance for Magic

# Read rgalib200 CIF into Magic
# Write rgalib200 CIF and GDS files from Magic
# Write rgalib013 CIF and GDS files from Magic
# Extract 0.13um SPI file from Magic
# Convert Magic SPICE output to SPI subckt
#
#
# Write rgalib013 CIF from Alliance
# Write spice deck using rga013 values
# Write rgalib200 CIF from Alliance for Magic

# Read rgalib200 CIF into Magic
# Write rgalib200 CIF and GDS files from Magic
# Write rgalib013 CIF and GDS files from Magic
# Extract 0.13um SPI file from Magic
# Convert Magic SPICE output to SPI subckt
#
#
# Write rgalib013 CIF from Alliance
# Write spice deck using rga013 values
# Write rgalib200 CIF from Alliance for Magic

# Read rgalib200 CIF into Magic
# Write rgalib200 CIF and GDS files from Magic
# Write rgalib013 CIF and GDS files from Magic
# Extract 0.13um SPI file from Magic
# Convert Magic SPICE output to SPI subckt
#
#
# Write rgalib013 CIF from Alliance
# Write spice deck using rga013 values
# Write rgalib200 CIF from Alliance for Magic

# Read rgalib200 CIF into Magic
# Write rgalib200 CIF and GDS files from Magic
# Write rgalib013 CIF and GDS files from Magic
# Extract 0.13um SPI file from Magic
# Convert Magic SPICE output to SPI subckt
#
#
# Write rgalib013 CIF from Alliance
# Write spice deck using rga013 values
# Write rgalib200 CIF from Alliance for Magic

# Read rgalib200 CIF into Magic
# Write rgalib200 CIF and GDS files from Magic
# Write rgalib013 CIF and GDS files from Magic
# Extract 0.13um SPI file from Magic
# Convert Magic SPICE output to SPI subckt
#
#
# Write rgalib013 CIF from Alliance
# Write spice deck using rga013 values
# Write rgalib200 CIF from Alliance for Magic

# Read rgalib200 CIF into Magic
# Write rgalib200 CIF and GDS files from Magic
# Write rgalib013 CIF and GDS files from Magic
# Extract 0.13um SPI file from Magic
# Convert Magic SPICE output to SPI subckt
#
#
# Write rgalib013 CIF from Alliance
# Write spice deck using rga013 values
# Write rgalib200 CIF from Alliance for Magic

# Read rgalib200 CIF into Magic
# Write rgalib200 CIF and GDS files from Magic
# Write rgalib013 CIF and GDS files from Magic
# Extract 0.13um SPI file from Magic
# Convert Magic SPICE output to SPI subckt
#
#
# Write rgalib013 CIF from Alliance
# Write spice deck using rga013 values
# Write rgalib200 CIF from Alliance for Magic

# Read rgalib200 CIF into Magic
# Write rgalib200 CIF and GDS files from Magic
# Write rgalib013 CIF and GDS files from Magic
# Extract 0.13um SPI file from Magic
# Convert Magic SPICE output to SPI subckt
#
#
# Write rgalib013 CIF from Alliance
# Write spice deck using rga013 values
# Write rgalib200 CIF from Alliance for Magic

# Read rgalib200 CIF into Magic
# Write rgalib200 CIF and GDS files from Magic
# Write rgalib013 CIF and GDS files from Magic
# Extract 0.13um SPI file from Magic
# Convert Magic SPICE output to SPI subckt
#
#
# Write rgalib013 CIF from Alliance
# Write spice deck using rga013 values
# Write rgalib200 CIF from Alliance for Magic

# Read rgalib200 CIF into Magic
# Write rgalib200 CIF and GDS files from Magic
# Write rgalib013 CIF and GDS files from Magic
# Extract 0.13um SPI file from Magic
# Convert Magic SPICE output to SPI subckt
#
#
# Write rgalib013 CIF from Alliance
# Write spice deck using rga013 values
# Write rgalib200 CIF from Alliance for Magic

# Read rgalib200 CIF into Magic
# Write rgalib200 CIF and GDS files from Magic
# Write rgalib013 CIF and GDS files from Magic
# Extract 0.13um SPI file from Magic
# Convert Magic SPICE output to SPI subckt
#
#
# Write rgalib013 CIF from Alliance
# Write spice deck using rga013 values
# Write rgalib200 CIF from Alliance for Magic

# Read rgalib200 CIF into Magic
# Write rgalib200 CIF and GDS files from Magic
# Write rgalib013 CIF and GDS files from Magic
# Extract 0.13um SPI file from Magic
# Convert Magic SPICE output to SPI subckt
#
#
# Write rgalib013 CIF from Alliance
# Write spice deck using rga013 values
# Write rgalib200 CIF from Alliance for Magic

# Read rgalib200 CIF into Magic
# Write rgalib200 CIF and GDS files from Magic
# Write rgalib013 CIF and GDS files from Magic
# Extract 0.13um SPI file from Magic
# Convert Magic SPICE output to SPI subckt
#
#
# Write rgalib013 CIF from Alliance
# Write spice deck using rga013 values
# Write rgalib200 CIF from Alliance for Magic

# Read rgalib200 CIF into Magic
# Write rgalib200 CIF and GDS files from Magic
# Write rgalib013 CIF and GDS files from Magic
# Extract 0.13um SPI file from Magic
# Convert Magic SPICE output to SPI subckt
#
#
# Write rgalib013 CIF from Alliance
# Write spice deck using rga013 values
# Write rgalib200 CIF from Alliance for Magic

# Read rgalib200 CIF into Magic
# Write rgalib200 CIF and GDS files from Magic
# Write rgalib013 CIF and GDS files from Magic
# Extract 0.13um SPI file from Magic
# Convert Magic SPICE output to SPI subckt
#
#
# Write rgalib013 CIF from Alliance
# Write spice deck using rga013 values
# Write rgalib200 CIF from Alliance for Magic

# Read rgalib200 CIF into Magic
# Write rgalib200 CIF and GDS files from Magic
# Write rgalib013 CIF and GDS files from Magic
# Extract 0.13um SPI file from Magic
# Convert Magic SPICE output to SPI subckt
#
#
# Write rgalib013 CIF from Alliance
# Write spice deck using rga013 values
# Write rgalib200 CIF from Alliance for Magic

# Read rgalib200 CIF into Magic
# Write rgalib200 CIF and GDS files from Magic
# Write rgalib013 CIF and GDS files from Magic
# Extract 0.13um SPI file from Magic
# Convert Magic SPICE output to SPI subckt
#
#
# Write rgalib013 CIF from Alliance
# Write spice deck using rga013 values
# Write rgalib200 CIF from Alliance for Magic

# Read rgalib200 CIF into Magic
# Write rgalib200 CIF and GDS files from Magic
# Write rgalib013 CIF and GDS files from Magic
# Extract 0.13um SPI file from Magic
# Convert Magic SPICE output to SPI subckt
#
#
# Write rgalib013 CIF from Alliance
# Write spice deck using rga013 values
# Write rgalib200 CIF from Alliance for Magic

# Read rgalib200 CIF into Magic
# Write rgalib200 CIF and GDS files from Magic
# Write rgalib013 CIF and GDS files from Magic
# Extract 0.13um SPI file from Magic
# Convert Magic SPICE output to SPI subckt
#
#
# Write rgalib013 CIF from Alliance
# Write spice deck using rga013 values
# Write rgalib200 CIF from Alliance for Magic

# Read rgalib200 CIF into Magic
# Write rgalib200 CIF and GDS files from Magic
# Write rgalib013 CIF and GDS files from Magic
# Extract 0.13um SPI file from Magic
# Convert Magic SPICE output to SPI subckt
#
#
# Write rgalib013 CIF from Alliance
# Write spice deck using rga013 values
# Write rgalib200 CIF from Alliance for Magic

# Read rgalib200 CIF into Magic
# Write rgalib200 CIF and GDS files from Magic
# Write rgalib013 CIF and GDS files from Magic
# Extract 0.13um SPI file from Magic
# Convert Magic SPICE output to SPI subckt
#
#
# Write rgalib013 CIF from Alliance
# Write spice deck using rga013 values
# Write rgalib200 CIF from Alliance for Magic

# Read rgalib200 CIF into Magic
# Write rgalib200 CIF and GDS files from Magic
# Write rgalib013 CIF and GDS files from Magic
# Extract 0.13um SPI file from Magic
# Convert Magic SPICE output to SPI subckt
#
#
# Write rgalib013 CIF from Alliance
# Write spice deck using rga013 values
# Write rgalib200 CIF from Alliance for Magic

# Read rgalib200 CIF into Magic
# Write rgalib200 CIF and GDS files from Magic
# Write rgalib013 CIF and GDS files from Magic
# Extract 0.13um SPI file from Magic
# Convert Magic SPICE output to SPI subckt
#
#
# Write rgalib013 CIF from Alliance
# Write spice deck using rga013 values
# Write rgalib200 CIF from Alliance for Magic

# Read rgalib200 CIF into Magic
# Write rgalib200 CIF and GDS files from Magic
# Write rgalib013 CIF and GDS files from Magic
# Extract 0.13um SPI file from Magic
# Convert Magic SPICE output to SPI subckt
#
#
# Write rgalib013 CIF from Alliance
# Write spice deck using rga013 values
# Write rgalib200 CIF from Alliance for Magic

# Read rgalib200 CIF into Magic
# Write rgalib200 CIF and GDS files from Magic
# Write rgalib013 CIF and GDS files from Magic
# Extract 0.13um SPI file from Magic
# Convert Magic SPICE output to SPI subckt
#
#
# Write rgalib013 CIF from Alliance
# Write spice deck using rga013 values
# Write rgalib200 CIF from Alliance for Magic

# Read rgalib200 CIF into Magic
# Write rgalib200 CIF and GDS files from Magic
# Write rgalib013 CIF and GDS files from Magic
# Extract 0.13um SPI file from Magic
# Convert Magic SPICE output to SPI subckt
