#
#
# Write vgalib013 CIF from Alliance
# Write spice deck using vga013 values
# Write vgalib200 CIF from Alliance for Magic

# Read vgalib200 CIF into Magic
# Write vgalib200 CIF and GDS files from Magic
# Write vgalib013 CIF and GDS files from Magic
# Extract 0.13um SPI file from Magic
# Convert Magic SPICE output to SPI subckt
#
#
# Write vgalib013 CIF from Alliance
# Write spice deck using vga013 values
# Write vgalib200 CIF from Alliance for Magic

# Read vgalib200 CIF into Magic
# Write vgalib200 CIF and GDS files from Magic
# Write vgalib013 CIF and GDS files from Magic
# Extract 0.13um SPI file from Magic
# Convert Magic SPICE output to SPI subckt
#
#
# Write vgalib013 CIF from Alliance
# Write spice deck using vga013 values
# Write vgalib200 CIF from Alliance for Magic

# Read vgalib200 CIF into Magic
# Write vgalib200 CIF and GDS files from Magic
# Write vgalib013 CIF and GDS files from Magic
# Extract 0.13um SPI file from Magic
# Convert Magic SPICE output to SPI subckt
#
#
# Write vgalib013 CIF from Alliance
# Write spice deck using vga013 values
# Write vgalib200 CIF from Alliance for Magic

# Read vgalib200 CIF into Magic
# Write vgalib200 CIF and GDS files from Magic
# Write vgalib013 CIF and GDS files from Magic
# Extract 0.13um SPI file from Magic
# Convert Magic SPICE output to SPI subckt
#
#
# Write vgalib013 CIF from Alliance
# Write spice deck using vga013 values
# Write vgalib200 CIF from Alliance for Magic

# Read vgalib200 CIF into Magic
# Write vgalib200 CIF and GDS files from Magic
# Write vgalib013 CIF and GDS files from Magic
# Extract 0.13um SPI file from Magic
# Convert Magic SPICE output to SPI subckt
#
#
# Write vgalib013 CIF from Alliance
# Write spice deck using vga013 values
# Write vgalib200 CIF from Alliance for Magic

# Read vgalib200 CIF into Magic
# Write vgalib200 CIF and GDS files from Magic
# Write vgalib013 CIF and GDS files from Magic
# Extract 0.13um SPI file from Magic
# Convert Magic SPICE output to SPI subckt
#
#
# Write vgalib013 CIF from Alliance
# Write spice deck using vga013 values
# Write vgalib200 CIF from Alliance for Magic

# Read vgalib200 CIF into Magic
# Write vgalib200 CIF and GDS files from Magic
# Write vgalib013 CIF and GDS files from Magic
# Extract 0.13um SPI file from Magic
# Convert Magic SPICE output to SPI subckt
#
#
# Write vgalib013 CIF from Alliance
# Write spice deck using vga013 values
# Write vgalib200 CIF from Alliance for Magic

# Read vgalib200 CIF into Magic
# Write vgalib200 CIF and GDS files from Magic
# Write vgalib013 CIF and GDS files from Magic
# Extract 0.13um SPI file from Magic
# Convert Magic SPICE output to SPI subckt
#
#
# Write vgalib013 CIF from Alliance
# Write spice deck using vga013 values
# Write vgalib200 CIF from Alliance for Magic

# Read vgalib200 CIF into Magic
# Write vgalib200 CIF and GDS files from Magic
# Write vgalib013 CIF and GDS files from Magic
# Extract 0.13um SPI file from Magic
# Convert Magic SPICE output to SPI subckt
#
#
# Write vgalib013 CIF from Alliance
# Write spice deck using vga013 values
# Write vgalib200 CIF from Alliance for Magic

# Read vgalib200 CIF into Magic
# Write vgalib200 CIF and GDS files from Magic
# Write vgalib013 CIF and GDS files from Magic
# Extract 0.13um SPI file from Magic
# Convert Magic SPICE output to SPI subckt
#
#
# Write vgalib013 CIF from Alliance
# Write spice deck using vga013 values
# Write vgalib200 CIF from Alliance for Magic

# Read vgalib200 CIF into Magic
# Write vgalib200 CIF and GDS files from Magic
# Write vgalib013 CIF and GDS files from Magic
# Extract 0.13um SPI file from Magic
# Convert Magic SPICE output to SPI subckt
#
#
# Write vgalib013 CIF from Alliance
# Write spice deck using vga013 values
# Write vgalib200 CIF from Alliance for Magic

# Read vgalib200 CIF into Magic
# Write vgalib200 CIF and GDS files from Magic
# Write vgalib013 CIF and GDS files from Magic
# Extract 0.13um SPI file from Magic
# Convert Magic SPICE output to SPI subckt
#
#
# Write vgalib013 CIF from Alliance
# Write spice deck using vga013 values
# Write vgalib200 CIF from Alliance for Magic

# Read vgalib200 CIF into Magic
# Write vgalib200 CIF and GDS files from Magic
# Write vgalib013 CIF and GDS files from Magic
# Extract 0.13um SPI file from Magic
# Convert Magic SPICE output to SPI subckt
#
#
# Write vgalib013 CIF from Alliance
# Write spice deck using vga013 values
# Write vgalib200 CIF from Alliance for Magic

# Read vgalib200 CIF into Magic
# Write vgalib200 CIF and GDS files from Magic
# Write vgalib013 CIF and GDS files from Magic
# Extract 0.13um SPI file from Magic
# Convert Magic SPICE output to SPI subckt
#
#
# Write vgalib013 CIF from Alliance
# Write spice deck using vga013 values
# Write vgalib200 CIF from Alliance for Magic

# Read vgalib200 CIF into Magic
# Write vgalib200 CIF and GDS files from Magic
# Write vgalib013 CIF and GDS files from Magic
# Extract 0.13um SPI file from Magic
# Convert Magic SPICE output to SPI subckt
#
#
# Write vgalib013 CIF from Alliance
# Write spice deck using vga013 values
# Write vgalib200 CIF from Alliance for Magic

# Read vgalib200 CIF into Magic
# Write vgalib200 CIF and GDS files from Magic
# Write vgalib013 CIF and GDS files from Magic
# Extract 0.13um SPI file from Magic
# Convert Magic SPICE output to SPI subckt
#
#
# Write vgalib013 CIF from Alliance
# Write spice deck using vga013 values
# Write vgalib200 CIF from Alliance for Magic

# Read vgalib200 CIF into Magic
# Write vgalib200 CIF and GDS files from Magic
# Write vgalib013 CIF and GDS files from Magic
# Extract 0.13um SPI file from Magic
# Convert Magic SPICE output to SPI subckt
#
#
# Write vgalib013 CIF from Alliance
# Write spice deck using vga013 values
# Write vgalib200 CIF from Alliance for Magic

# Read vgalib200 CIF into Magic
# Write vgalib200 CIF and GDS files from Magic
# Write vgalib013 CIF and GDS files from Magic
# Extract 0.13um SPI file from Magic
# Convert Magic SPICE output to SPI subckt
#
#
# Write vgalib013 CIF from Alliance
# Write spice deck using vga013 values
# Write vgalib200 CIF from Alliance for Magic

# Read vgalib200 CIF into Magic
# Write vgalib200 CIF and GDS files from Magic
# Write vgalib013 CIF and GDS files from Magic
# Extract 0.13um SPI file from Magic
# Convert Magic SPICE output to SPI subckt
#
#
# Write vgalib013 CIF from Alliance
# Write spice deck using vga013 values
# Write vgalib200 CIF from Alliance for Magic

# Read vgalib200 CIF into Magic
# Write vgalib200 CIF and GDS files from Magic
# Write vgalib013 CIF and GDS files from Magic
# Extract 0.13um SPI file from Magic
# Convert Magic SPICE output to SPI subckt
#
#
# Write vgalib013 CIF from Alliance
# Write spice deck using vga013 values
# Write vgalib200 CIF from Alliance for Magic

# Read vgalib200 CIF into Magic
# Write vgalib200 CIF and GDS files from Magic
# Write vgalib013 CIF and GDS files from Magic
# Extract 0.13um SPI file from Magic
# Convert Magic SPICE output to SPI subckt
#
#
# Write vgalib013 CIF from Alliance
# Write spice deck using vga013 values
# Write vgalib200 CIF from Alliance for Magic

# Read vgalib200 CIF into Magic
# Write vgalib200 CIF and GDS files from Magic
# Write vgalib013 CIF and GDS files from Magic
# Extract 0.13um SPI file from Magic
# Convert Magic SPICE output to SPI subckt
#
#
# Write vgalib013 CIF from Alliance
# Write spice deck using vga013 values
# Write vgalib200 CIF from Alliance for Magic

# Read vgalib200 CIF into Magic
# Write vgalib200 CIF and GDS files from Magic
# Write vgalib013 CIF and GDS files from Magic
# Extract 0.13um SPI file from Magic
# Convert Magic SPICE output to SPI subckt
#
#
# Write vgalib013 CIF from Alliance
# Write spice deck using vga013 values
# Write vgalib200 CIF from Alliance for Magic

# Read vgalib200 CIF into Magic
# Write vgalib200 CIF and GDS files from Magic
# Write vgalib013 CIF and GDS files from Magic
# Extract 0.13um SPI file from Magic
# Convert Magic SPICE output to SPI subckt
#
#
# Write vgalib013 CIF from Alliance
# Write spice deck using vga013 values
# Write vgalib200 CIF from Alliance for Magic

# Read vgalib200 CIF into Magic
# Write vgalib200 CIF and GDS files from Magic
# Write vgalib013 CIF and GDS files from Magic
# Extract 0.13um SPI file from Magic
# Convert Magic SPICE output to SPI subckt
#
#
# Write vgalib013 CIF from Alliance
# Write spice deck using vga013 values
# Write vgalib200 CIF from Alliance for Magic

# Read vgalib200 CIF into Magic
# Write vgalib200 CIF and GDS files from Magic
# Write vgalib013 CIF and GDS files from Magic
# Extract 0.13um SPI file from Magic
# Convert Magic SPICE output to SPI subckt
